SF:lib/core/models/position.dart
DA:15,29
DA:18,1
DA:21,8
DA:24,8
DA:27,6
DA:30,4
DA:31,12
DA:32,12
DA:33,16
DA:37,3
DA:38,27
DA:42,4
DA:43,4
DA:44,16
DA:45,16
DA:46,16
DA:47,16
DA:52,1
DA:53,1
DA:54,5
DA:55,4
DA:56,5
DA:57,4
DA:58,5
DA:59,4
DA:60,5
DA:61,4
DA:66,1
DA:67,4
DA:68,4
DA:69,4
DA:73,2
DA:74,8
DA:75,8
DA:76,8
DA:80,1
DA:81,3
DA:84,8
DA:87,56
DA:90,6
DA:91,18
DA:93,2
DA:94,6
LF:43
LH:43
end_of_record
SF:lib/core/utils/grid_system.dart
DA:26,6
DA:32,12
DA:33,12
DA:34,12
DA:38,2
DA:44,4
DA:46,2
DA:47,2
DA:48,2
DA:50,2
DA:51,2
DA:53,2
DA:54,2
DA:59,2
DA:69,3
DA:70,9
DA:71,9
DA:73,9
DA:74,9
DA:76,3
DA:77,12
DA:78,12
DA:83,1
DA:84,1
DA:85,9
DA:89,2
DA:90,6
DA:91,6
DA:93,6
DA:94,6
DA:96,10
DA:97,10
DA:99,2
DA:103,8
DA:106,6
DA:109,1
DA:110,1
DA:111,1
DA:112,1
DA:113,1
DA:114,3
DA:115,3
DA:120,1
DA:121,5
DA:125,4
DA:126,40
DA:130,2
DA:131,2
DA:132,10
DA:136,1
DA:137,1
DA:138,3
DA:139,3
DA:140,2
DA:147,2
DA:148,2
DA:151,6
DA:152,4
DA:153,8
DA:157,8
DA:158,4
DA:159,8
DA:166,18
DA:169,4
DA:172,1
DA:179,1
DA:180,0
DA:181,1
DA:182,0
DA:183,1
DA:184,1
DA:188,1
DA:190,4
LF:73
LH:71
end_of_record
SF:lib/features/game/models/direction.dart
DA:16,5
DA:18,5
DA:20,5
DA:22,5
DA:24,5
DA:31,5
DA:33,5
DA:34,3
DA:35,5
DA:37,5
DA:38,5
DA:39,4
DA:45,3
DA:48,3
DA:52,5
DA:53,10
LF:16
LH:16
end_of_record
SF:lib/features/game/models/snake.dart
DA:24,4
DA:28,4
DA:32,4
DA:37,4
DA:38,8
DA:40,8
DA:41,4
DA:42,24
DA:49,9
DA:52,3
DA:55,9
DA:58,6
DA:61,8
DA:64,9
DA:67,4
DA:73,4
DA:74,8
DA:75,4
DA:85,3
DA:87,3
DA:88,4
DA:89,2
DA:93,6
DA:94,21
DA:97,6
DA:100,3
DA:101,6
DA:103,1
DA:108,1
DA:109,1
DA:115,2
DA:116,2
DA:117,10
DA:121,1
DA:122,2
DA:126,1
DA:127,2
DA:131,2
DA:132,6
DA:136,3
DA:139,1
DA:140,1
DA:141,2
DA:142,1
DA:147,2
DA:148,3
DA:151,2
DA:152,2
DA:153,2
DA:159,3
DA:164,6
DA:165,9
DA:166,3
DA:167,3
DA:168,3
DA:171,0
DA:173,0
DA:176,1
DA:179,1
DA:180,5
DA:181,3
DA:182,3
DA:183,3
DA:184,3
DA:187,1
DA:189,1
DA:190,2
DA:191,1
DA:192,1
DA:193,1
DA:194,2
DA:199,1
DA:200,3
DA:201,3
DA:202,3
LF:75
LH:73
end_of_record
SF:lib/core/constants/grid_constants.dart
DA:7,0
LF:1
LH:0
end_of_record
SF:lib/features/game/logic/movement_system.dart
DA:15,3
DA:26,2
DA:28,2
DA:31,4
DA:32,2
DA:33,10
DA:36,4
DA:41,2
DA:52,1
DA:53,1
DA:54,2
DA:60,1
DA:61,1
DA:68,1
DA:69,2
DA:70,1
DA:71,7
DA:77,1
DA:78,1
DA:79,2
DA:86,0
DA:87,0
DA:91,0
DA:92,0
DA:93,0
DA:95,0
DA:102,1
DA:103,2
DA:104,1
DA:105,1
DA:106,7
DA:108,2
DA:109,1
DA:116,0
DA:117,0
DA:118,0
DA:125,1
DA:126,1
DA:128,2
DA:129,1
DA:130,1
DA:131,7
DA:133,2
DA:134,1
DA:135,1
DA:147,1
DA:148,2
DA:149,1
DA:150,7
DA:153,2
DA:154,1
DA:162,1
DA:163,0
DA:164,4
DA:166,3
DA:167,0
DA:174,1
DA:182,2
DA:197,1
DA:203,0
DA:205,0
LF:61
LH:48
end_of_record
SF:lib/core/utils/grid_validator.dart
DA:10,0
DA:15,3
DA:16,6
DA:17,6
DA:18,6
DA:19,6
DA:26,2
DA:27,2
DA:28,2
DA:29,2
DA:30,2
DA:37,2
DA:38,2
DA:39,2
DA:46,2
DA:52,6
DA:53,2
DA:59,2
DA:60,2
DA:62,4
DA:63,6
DA:64,4
DA:65,6
DA:71,1
DA:72,1
DA:74,5
DA:75,5
DA:81,2
DA:86,6
DA:92,1
DA:94,2
DA:95,1
DA:105,1
DA:106,2
DA:108,4
DA:109,4
DA:119,1
DA:128,2
DA:134,1
DA:140,1
DA:141,1
DA:142,3
DA:143,3
LF:43
LH:42
end_of_record
SF:lib/core/utils/grid_utils.dart
DA:22,1
DA:24,1
DA:26,1
DA:28,1
DA:30,1
DA:36,1
DA:38,1
DA:40,1
DA:42,1
DA:44,1
DA:50,1
DA:52,1
DA:54,1
DA:56,1
DA:58,1
DA:71,0
DA:74,2
DA:75,2
DA:79,2
DA:80,2
DA:86,1
DA:92,1
DA:93,1
DA:96,4
DA:97,5
DA:98,4
DA:99,5
DA:101,2
DA:102,2
DA:103,1
DA:104,1
DA:106,1
DA:107,1
DA:116,1
DA:122,1
DA:125,3
DA:126,5
DA:127,1
DA:130,3
DA:131,5
DA:132,1
DA:134,1
DA:135,2
DA:136,1
DA:145,1
DA:151,1
DA:152,1
DA:153,1
DA:156,2
DA:162,1
DA:163,3
DA:164,1
DA:170,0
DA:171,0
DA:172,0
DA:173,0
DA:174,0
DA:175,0
DA:180,0
DA:181,0
DA:187,1
DA:188,3
DA:189,3
DA:192,2
DA:193,2
DA:194,2
DA:195,2
DA:198,3
DA:199,1
DA:201,1
DA:208,1
DA:209,1
DA:210,3
DA:211,3
DA:213,3
DA:214,2
DA:216,1
DA:217,1
DA:219,2
DA:220,4
DA:221,4
DA:222,2
DA:231,2
DA:238,3
DA:239,5
DA:241,2
DA:242,4
DA:244,2
DA:246,2
DA:247,2
DA:249,4
DA:250,2
DA:253,6
DA:254,2
DA:255,2
DA:256,2
DA:257,2
DA:258,2
DA:259,8
DA:260,2
DA:261,2
DA:268,1
DA:272,1
DA:276,1
DA:279,1
DA:280,1
DA:285,4
DA:286,3
DA:290,3
DA:291,4
DA:292,3
DA:297,5
DA:298,3
DA:302,3
DA:303,5
DA:304,3
DA:312,1
DA:313,1
DA:318,2
DA:319,2
DA:320,2
DA:323,5
DA:327,1
DA:328,3
DA:329,3
DA:330,4
DA:340,2
LF:127
LH:118
end_of_record
SF:lib/core/theme/app_theme.dart
DA:21,1
DA:22,1
DA:24,1
DA:26,1
DA:27,1
DA:29,2
DA:36,1
DA:37,1
DA:39,1
DA:44,1
DA:45,1
DA:47,2
LF:12
LH:12
end_of_record
SF:lib/core/utils/app_utils.dart
DA:4,0
DA:7,0
DA:9,0
DA:10,0
DA:11,0
DA:16,0
DA:17,0
DA:18,0
DA:22,0
DA:23,0
DA:24,0
LF:11
LH:0
end_of_record
SF:lib/features/game/controllers/game_controller.dart
DA:63,2
DA:64,6
DA:65,2
DA:69,4
DA:72,4
DA:75,2
DA:78,2
DA:81,0
DA:84,0
DA:87,2
DA:90,3
DA:93,3
DA:96,3
DA:99,2
DA:101,4
DA:102,4
DA:108,2
DA:109,2
DA:110,2
DA:111,2
DA:112,2
DA:116,2
DA:117,4
DA:119,2
DA:120,2
DA:121,2
DA:125,1
DA:126,2
DA:128,1
DA:129,1
DA:130,1
DA:134,1
DA:135,2
DA:137,1
DA:138,1
DA:139,1
DA:143,1
DA:144,1
DA:145,1
DA:146,1
DA:150,1
DA:151,1
DA:152,1
DA:154,1
DA:155,1
DA:161,2
DA:162,4
DA:164,4
DA:168,1
DA:169,1
DA:171,1
DA:174,2
DA:175,1
DA:176,1
DA:179,1
DA:183,2
DA:184,2
DA:186,8
DA:187,4
DA:191,2
DA:192,4
DA:193,2
DA:197,1
DA:198,2
DA:200,1
DA:203,3
DA:207,1
DA:212,2
DA:213,0
DA:218,1
DA:221,1
DA:225,1
DA:226,1
DA:227,3
DA:229,2
DA:231,1
DA:234,0
DA:236,1
DA:239,1
DA:243,1
DA:244,2
DA:245,1
DA:250,1
DA:251,1
DA:252,2
DA:253,2
DA:254,1
DA:255,1
DA:256,1
DA:257,1
DA:258,3
DA:259,3
DA:264,1
DA:266,3
DA:267,2
DA:268,3
DA:274,2
DA:275,0
DA:282,2
DA:284,2
DA:285,2
DA:288,0
DA:290,0
LF:103
LH:96
end_of_record
SF:lib/features/game/controllers/input_controller.dart
DA:29,1
DA:33,2
DA:36,1
DA:37,1
DA:38,1
DA:39,1
DA:46,0
DA:47,0
DA:48,0
DA:49,0
DA:50,0
DA:56,0
DA:58,0
DA:60,0
DA:63,0
DA:65,0
DA:70,0
DA:71,0
DA:72,0
DA:73,0
DA:74,0
DA:75,0
DA:82,0
DA:83,0
DA:88,0
DA:90,0
DA:91,0
DA:93,0
DA:94,0
DA:96,0
DA:97,0
DA:99,0
DA:100,0
DA:108,1
DA:109,1
DA:112,1
DA:113,3
DA:118,2
DA:121,1
DA:122,1
DA:129,1
DA:130,2
DA:131,1
DA:132,2
DA:134,0
DA:135,0
DA:137,0
DA:138,0
DA:140,0
DA:141,0
DA:149,0
DA:150,0
DA:151,0
DA:152,0
DA:154,0
DA:155,0
DA:163,0
DA:164,0
DA:165,0
DA:166,0
DA:176,1
DA:181,4
DA:184,4
DA:188,3
DA:190,1
DA:193,1
DA:196,1
DA:206,1
DA:207,1
DA:211,3
DA:214,1
DA:215,2
DA:216,1
DA:220,1
DA:221,1
DA:222,2
DA:223,1
DA:224,1
DA:225,1
DA:230,1
DA:231,2
DA:232,1
DA:233,1
DA:236,0
DA:238,0
DA:239,0
LF:86
LH:40
end_of_record
SF:lib/main.dart
DA:5,0
DA:6,0
DA:10,2
DA:12,1
DA:14,1
DA:16,1
DA:17,1
DA:25,1
DA:27,1
DA:29,1
DA:30,1
DA:32,3
LF:12
LH:10
end_of_record
